Wed, 22 Sep 2021 14:09:42 GMT | INFO  | Server is running on port: 3000
Wed, 22 Sep 2021 14:30:45 GMT | INFO  | Server is running on port: 3000
Wed, 22 Sep 2021 14:43:54 GMT | INFO  | Server is running on port: 3000
Wed, 22 Sep 2021 14:43:54 GMT | INFO  | Connected to database
Thu, 23 Sep 2021 06:23:15 GMT | INFO  | Server is running on port: 3000
Thu, 23 Sep 2021 06:23:15 GMT | INFO  | Connected to database
Thu, 23 Sep 2021 06:55:05 GMT | INFO  | Server is running on port: 3000
Thu, 23 Sep 2021 06:55:05 GMT | INFO  | Connected to database
Thu, 23 Sep 2021 07:26:11 GMT | INFO  | Server is running on port: 3000
Thu, 23 Sep 2021 07:26:11 GMT | INFO  | Connected to database
Thu, 23 Sep 2021 07:31:10 GMT | INFO  | Server is running on port: 3000
Thu, 23 Sep 2021 07:31:10 GMT | INFO  | Connected to database
Thu, 23 Sep 2021 07:33:10 GMT | INFO  | Server is running on port: 3000
Thu, 23 Sep 2021 07:33:10 GMT | INFO  | Connected to database
Mon, 27 Sep 2021 11:49:59 GMT | INFO  | Server is running on port: 3000
Mon, 27 Sep 2021 11:49:59 GMT | INFO  | Connected to database
Mon, 27 Sep 2021 11:51:39 GMT | INFO  | Server is running on port: 3000
Mon, 27 Sep 2021 11:51:39 GMT | INFO  | Connected to database
Mon, 27 Sep 2021 12:09:36 GMT | INFO  | Server is running on port: 3000
Mon, 27 Sep 2021 12:09:36 GMT | INFO  | Connected to database
Mon, 27 Sep 2021 12:11:02 GMT | INFO  | Server is running on port: 3000
Mon, 27 Sep 2021 12:11:02 GMT | INFO  | Connected to database
Mon, 27 Sep 2021 12:11:37 GMT | INFO  | Server is running on port: 3000
Mon, 27 Sep 2021 12:11:37 GMT | INFO  | Connected to database
Mon, 27 Sep 2021 12:21:49 GMT | INFO  | Server is running on port: 3000
Mon, 27 Sep 2021 12:21:49 GMT | INFO  | Connected to database
Mon, 27 Sep 2021 12:25:11 GMT | INFO  | Server is running on port: 3000
Mon, 27 Sep 2021 12:25:11 GMT | INFO  | Connected to database
Mon, 27 Sep 2021 12:53:27 GMT | INFO  | Server is running on port: 3000
Mon, 27 Sep 2021 12:53:27 GMT | INFO  | Connected to database
Mon, 27 Sep 2021 12:57:28 GMT | INFO  | Server is running on port: 3000
Mon, 27 Sep 2021 12:57:28 GMT | INFO  | Connected to database
Mon, 27 Sep 2021 12:58:50 GMT | INFO  | Server is running on port: 3000
Mon, 27 Sep 2021 12:58:50 GMT | INFO  | Connected to database
Fri, 01 Oct 2021 13:17:46 GMT | INFO  | Server is running on port: 3000
Fri, 01 Oct 2021 13:17:46 GMT | INFO  | Connected to database
Mon, 08 Nov 2021 15:06:06 GMT | INFO  | Server is running on port: 3000
Mon, 08 Nov 2021 15:06:06 GMT | INFO  | Connected to database
Wed, 17 Nov 2021 10:16:44 GMT | INFO  | Server is running on port: 3000
Wed, 17 Nov 2021 10:16:44 GMT | INFO  | Connected to database
Thu, 18 Nov 2021 08:27:59 GMT | INFO  | Server is running on port: 3000
Thu, 18 Nov 2021 08:27:59 GMT | INFO  | Connected to database
Fri, 19 Nov 2021 07:06:55 GMT | INFO  | Server is running on port: 3000
Fri, 19 Nov 2021 07:06:55 GMT | INFO  | Connected to database
Tue, 23 Nov 2021 09:41:13 GMT | INFO  | Server is running on port: 3000
Tue, 23 Nov 2021 09:41:13 GMT | INFO  | Connected to database
Wed, 24 Nov 2021 07:04:33 GMT | INFO  | Server is running on port: 3000
Wed, 24 Nov 2021 07:04:34 GMT | INFO  | Connected to database
Wed, 24 Nov 2021 10:15:15 GMT | INFO  | Server is running on port: 3000
Wed, 24 Nov 2021 10:15:15 GMT | INFO  | Connected to database
Wed, 24 Nov 2021 10:22:59 GMT | INFO  | Server is running on port: 3000
Wed, 24 Nov 2021 10:22:59 GMT | INFO  | Connected to database
